// 重构日志: df11726d
// 重构日志: 60422926
// 重构日志: 2879f65d
// 同步 ID: 9a8150da @ Sat Jul 11 18:23:37 UTC 2026
// 同步 ID: e86871ab @ Sun Jul 12 15:09:42 UTC 2026
// 同步 ID: f7a03dbf @ Mon Jul 13 05:31:36 UTC 2026
// 重构日志: 22ac7b92
// 同步 ID: 615e6818 @ Tue Jul 14 01:31:34 UTC 2026
// 同步 ID: 9c2c12da @ Tue Jul 14 07:21:05 UTC 2026
// 重构日志: e42174f1
// 同步 ID: 5bc26456 @ Thu Jul 16 01:42:03 UTC 2026
// 同步 ID: ede559c1 @ Thu Jul 16 11:24:46 UTC 2026
// 重构日志: aeda85c8
// 重构日志: 08cad6fd
// 重构日志: 14dc8684
// 重构日志: 5880e80a
// 同步 ID: ee82242f @ Fri Jul 17 11:19:02 UTC 2026
// 重构日志: ce228ef4
// 重构日志: 2bd0fee5
// 重构日志: 808878e4
// 重构日志: f01fdd38
// 重构日志: 0387a5be
// 同步 ID: 815c7e5e @ Sun Jul 19 14:23:08 UTC 2026
// 重构日志: c60b241e
// 重构日志: ef46324d
// 重构日志: 5aa88db5
// 同步 ID: d5a5c5f3 @ Wed Jul 22 08:32:53 UTC 2026
// 重构日志: 72011b56
// 同步 ID: 58cf5b75 @ Thu Jul 23 07:59:30 UTC 2026
// 同步 ID: b722727a @ Thu Jul 23 12:59:55 UTC 2026
